Arguments: 
  /home/sean/.nvm/versions/node/v18.4.0/bin/node /home/sean/.nvm/versions/node/v18.4.0/bin/yarn init

PATH: 
  /home/sean/.nvm/versions/node/v18.4.0/bin:/home/sean/.local/bin:/usr/local/sbin:/usr/local/bin:/usr/sbin:/usr/bin:/sbin:/bin:/usr/games:/usr/local/games:/snap/bin

Yarn version: 
  1.22.19

Node version: 
  18.4.0

Platform: 
  linux x64

Trace: 
  Error: canceled
      at Interface.<anonymous> (/home/sean/.nvm/versions/node/v18.4.0/lib/node_modules/yarn/lib/cli.js:137150:13)
      at Interface.emit (node:events:537:28)
      at [_ttyWrite] [as _ttyWrite] (node:internal/readline/interface:1124:18)
      at ReadStream.onkeypress (node:internal/readline/interface:273:20)
      at ReadStream.emit (node:events:537:28)
      at emitKeys (node:internal/readline/utils:358:14)
      at emitKeys.next (<anonymous>)
      at ReadStream.onData (node:internal/readline/emitKeypressEvents:64:36)
      at ReadStream.emit (node:events:537:28)
      at addChunk (node:internal/streams/readable:324:12)

npm manifest: 
  {
    "name": "open-in-steam",
    "version": "1.0.0",
    "description": "A browser extension to open any page in the Steam client",
    "main": "index.js",
    "repository": "https://github.com/seansamarov/open-in-steam",
    "author": "Sean <sean@ineptitech.com>",
    "license": "GPL",
    "private": true
  }

yarn manifest: 
  No manifest

Lockfile: 
  No lockfile
